Building DAG of jobs...
Using shell: /usr/bin/bash
Provided cores: 1 (use --cores to define parallelism)
Rules claiming more threads will be scaled down.
Job stats:
job                count
---------------  -------
all                    1
expression_plot        1
total                  2

Select jobs to execute...

[Sat Nov  2 22:19:27 2024]
rule expression_plot:
    input: results/nkx2_1_expression.csv
    output: results/nkx2_1_expression_plot.png
    jobid: 3
    reason: Code has changed since last execution
    resources: tmpdir=/tmp

[Sat Nov  2 22:19:30 2024]
Finished job 3.
1 of 2 steps (50%) done
Select jobs to execute...

[Sat Nov  2 22:19:30 2024]
localrule all:
    input: results/nkx2_1_expression.csv, results/nkx2_1_expression_plot.png
    jobid: 0
    reason: Input files updated by another job: results/nkx2_1_expression_plot.png
    resources: tmpdir=/tmp

[Sat Nov  2 22:19:30 2024]
Finished job 0.
2 of 2 steps (100%) done
Complete log: .snakemake/log/2024-11-02T221926.987246.snakemake.log
